[debug] [2023-07-12T04:02:12.328Z] ----------------------------------------------------------------------
[debug] [2023-07-12T04:02:12.330Z] Command:       C:\Program Files\nodejs\node.exe C:\Users\jarre\AppData\Roaming\npm\node_modules\firebase-tools\lib\bin\firebase.js init
[debug] [2023-07-12T04:02:12.330Z] CLI Version:   12.4.0
[debug] [2023-07-12T04:02:12.330Z] Platform:      win32
[debug] [2023-07-12T04:02:12.330Z] Node Version:  v16.13.2
[debug] [2023-07-12T04:02:12.331Z] Time:          Tue Jul 11 2023 22:02:12 GMT-0600 (Mountain Daylight Time)
[debug] [2023-07-12T04:02:12.331Z] ----------------------------------------------------------------------
[debug] 
[debug] [2023-07-12T04:02:12.334Z] >>> [apiv2][query] GET https://firebase-public.firebaseio.com/cli.json [none]
[debug] [2023-07-12T04:02:12.406Z] > command requires scopes: ["email","openid","https://www.googleapis.com/auth/cloudplatformprojects.readonly","https://www.googleapis.com/auth/firebase","https://www.googleapis.com/auth/cloud-platform"]
[debug] [2023-07-12T04:02:12.406Z] > authorizing via signed-in user (jarrett.kavsko@gmail.com)
[info] 
     ######## #### ########  ######## ########     ###     ######  ########
     ##        ##  ##     ## ##       ##     ##  ##   ##  ##       ##
     ######    ##  ########  ######   ########  #########  ######  ######
     ##        ##  ##    ##  ##       ##     ## ##     ##       ## ##
     ##       #### ##     ## ######## ########  ##     ##  ######  ########

You're about to initialize a Firebase project in this directory:

  F:\My Apps\React\Jarrett Roster Portfolio

Before we get started, keep in mind:

  * You are initializing within an existing Firebase project directory

[debug] [2023-07-12T04:02:12.612Z] <<< [apiv2][status] GET https://firebase-public.firebaseio.com/cli.json 200
[debug] [2023-07-12T04:02:12.612Z] <<< [apiv2][body] GET https://firebase-public.firebaseio.com/cli.json {"cloudBuildErrorAfter":1594252800000,"cloudBuildWarnAfter":1590019200000,"defaultNode10After":1594252800000,"minVersion":"3.0.5","node8DeploysDisabledAfter":1613390400000,"node8RuntimeDisabledAfter":1615809600000,"node8WarnAfter":1600128000000}
[info] 
=== Project Setup
[info] 
[info] First, let's associate this project directory with a Firebase project.
[info] You can create multiple project aliases by running firebase use --add, 
[info] but for now we'll just set up a default project.
[info] 
[debug] [2023-07-12T04:02:35.326Z] Using project from CLI flag: jarrett-roster-portfolio
[debug] [2023-07-12T04:02:35.327Z] > refreshing access token with scopes: []
[debug] [2023-07-12T04:02:35.327Z] >>> [apiv2][query] POST https://www.googleapis.com/oauth2/v3/token [none]
[debug] [2023-07-12T04:02:35.327Z] >>> [apiv2][body] POST https://www.googleapis.com/oauth2/v3/token [omitted]
[debug] [2023-07-12T04:02:35.528Z] <<< [apiv2][status] POST https://www.googleapis.com/oauth2/v3/token 200
[debug] [2023-07-12T04:02:35.528Z] <<< [apiv2][body] POST https://www.googleapis.com/oauth2/v3/token [omitted]
[debug] [2023-07-12T04:02:35.540Z] >>> [apiv2][query] GET https://firebase.googleapis.com/v1beta1/projects/jarrett-roster-portfolio [none]
[debug] [2023-07-12T04:02:35.810Z] <<< [apiv2][status] GET https://firebase.googleapis.com/v1beta1/projects/jarrett-roster-portfolio 200
[debug] [2023-07-12T04:02:35.810Z] <<< [apiv2][body] GET https://firebase.googleapis.com/v1beta1/projects/jarrett-roster-portfolio {"projectId":"jarrett-roster-portfolio","projectNumber":"611693370876","displayName":"Jarrett-Roster-Portfolio","name":"projects/jarrett-roster-portfolio","resources":{"hostingSite":"jarrett-roster-portfolio"},"state":"ACTIVE","etag":"1_96354d6c-09a0-48ea-a036-59b3756d4816"}
[info] i  Using project jarrett-roster-portfolio (Jarrett-Roster-Portfolio) 
[info] 
=== Hosting Setup
[info] 
[info] Your public directory is the folder (relative to your project directory) that
[info] will contain Hosting assets to be uploaded with firebase deploy. If you
[info] have a build process for your assets, use your build's output directory.
[info] 
[debug] [2023-07-12T23:53:55.550Z] ----------------------------------------------------------------------
[debug] [2023-07-12T23:53:55.552Z] Command:       C:\Program Files\nodejs\node.exe C:\Users\jarre\AppData\Roaming\npm\node_modules\firebase-tools\lib\bin\firebase.js init
[debug] [2023-07-12T23:53:55.552Z] CLI Version:   12.4.0
[debug] [2023-07-12T23:53:55.552Z] Platform:      win32
[debug] [2023-07-12T23:53:55.552Z] Node Version:  v16.13.2
[debug] [2023-07-12T23:53:55.553Z] Time:          Wed Jul 12 2023 17:53:55 GMT-0600 (Mountain Daylight Time)
[debug] [2023-07-12T23:53:55.553Z] ----------------------------------------------------------------------
[debug] 
[debug] [2023-07-12T23:53:55.608Z] > command requires scopes: ["email","openid","https://www.googleapis.com/auth/cloudplatformprojects.readonly","https://www.googleapis.com/auth/firebase","https://www.googleapis.com/auth/cloud-platform"]
[debug] [2023-07-12T23:53:55.608Z] > authorizing via signed-in user (jarrett.kavsko@gmail.com)
[info] 
     ######## #### ########  ######## ########     ###     ######  ########
     ##        ##  ##     ## ##       ##     ##  ##   ##  ##       ##
     ######    ##  ########  ######   ########  #########  ######  ######
     ##        ##  ##    ##  ##       ##     ## ##     ##       ## ##
     ##       #### ##     ## ######## ########  ##     ##  ######  ########

You're about to initialize a Firebase project in this directory:

  F:\My Apps\React\Jarrett Roster Portfolio

Before we get started, keep in mind:

  * You are initializing within an existing Firebase project directory

[info] 
=== Project Setup
[info] 
[info] First, let's associate this project directory with a Firebase project.
[info] You can create multiple project aliases by running firebase use --add, 
[info] but for now we'll just set up a default project.
[info] 
[debug] [2023-07-12T23:54:04.443Z] Using project from CLI flag: jarrett-roster-portfolio
[debug] [2023-07-12T23:54:04.444Z] > refreshing access token with scopes: []
[debug] [2023-07-12T23:54:04.445Z] >>> [apiv2][query] POST https://www.googleapis.com/oauth2/v3/token [none]
[debug] [2023-07-12T23:54:04.445Z] >>> [apiv2][body] POST https://www.googleapis.com/oauth2/v3/token [omitted]
[debug] [2023-07-12T23:54:04.462Z] Authentication Error: Your credentials are no longer valid. Please run firebase login --reauth

For CI servers and headless environments, generate a new token with firebase login:ci
[debug] [2023-07-12T23:54:04.466Z] FirebaseError: Authentication Error: Your credentials are no longer valid. Please run firebase login --reauth

For CI servers and headless environments, generate a new token with firebase login:ci
    at invalidCredentialError (C:\Users\jarre\AppData\Roaming\npm\node_modules\firebase-tools\lib\auth.js:144:12)
    at refreshTokens (C:\Users\jarre\AppData\Roaming\npm\node_modules\firebase-tools\lib\auth.js:508:15)
    at processTicksAndRejections (node:internal/process/task_queues:96:5)
    at async Client.getAccessToken (C:\Users\jarre\AppData\Roaming\npm\node_modules\firebase-tools\lib\apiv2.js:149:23)
    at async Client.addAuthHeader (C:\Users\jarre\AppData\Roaming\npm\node_modules\firebase-tools\lib\apiv2.js:140:21)
    at async Client.request (C:\Users\jarre\AppData\Roaming\npm\node_modules\firebase-tools\lib\apiv2.js:96:34)
    at async getFirebaseProject (C:\Users\jarre\AppData\Roaming\npm\node_modules\firebase-tools\lib\management\projects.js:295:21)
    at async doSetup (C:\Users\jarre\AppData\Roaming\npm\node_modules\firebase-tools\lib\init\features\project.js:85:27)
    at async init (C:\Users\jarre\AppData\Roaming\npm\node_modules\firebase-tools\lib\init\index.js:37:9)
[error] 
[error] Error: Failed to get Firebase project jarrett-roster-portfolio. Please make sure the project exists and your account has permission to access it.
